<?xml version="1.0" encoding="UTF-8"?>
<!-- Generated by org.testng.reporters.JUnitXMLReporter -->
<testsuite ignored="0" hostname="DESKTOP-CN71QHB" failures="1" tests="1" name="Default test" time="20.263" errors="0" timestamp="2025-02-08T18:26:55 GMT">
  <testcase classname="io.cucumber.testng.AbstractTestNGCucumberTests" name="runScenario" time="19.347">
    <failure type="java.lang.NullPointerException" message="Cannot invoke &amp;quot;java.lang.Boolean.booleanValue()&amp;quot; because &amp;quot;this.match&amp;quot; is null">
      <![CDATA[java.lang.NullPointerException: Cannot invoke "java.lang.Boolean.booleanValue()" because "this.match" is null
at Practiceframework.Project1.CartPage.checkCart(CartPage.java:35)
at Project1.StepDefinitions.StepDefinitionsimpl.submit_the_Order(StepDefinitionsimpl.java:49)
at ✽.checkout IPHONE 13 PRO and India submit the order(file:///C:/Users/ITADMIN/eclipse-workspace1/Project1/src/test/java/Cucumber/NewTestCase.feature:13)
]]>
    </failure>
  </testcase> <!-- runScenario -->
</testsuite> <!-- Default test -->
