<?xml version="1.0" encoding="UTF-8"?>
<!-- Generated by org.testng.reporters.JUnitXMLReporter -->
<testsuite ignored="0" hostname="DESKTOP-CN71QHB" failures="0" tests="3" name="Testing NewTestCase" time="34.698" errors="0" timestamp="2025-02-04T18:49:52 GMT">
  <testcase classname="Practiceframework.Project1.NewTestCase" name="Test1" time="4.756"/>
  <testcase classname="Practiceframework.Project1.NewTestCase" name="Test1" time="4.811"/>
  <testcase classname="Practiceframework.Project1.NewTestCase" name="Test2" time="0.845">
    <skipped/>
  </testcase> <!-- Test2 -->
</testsuite> <!-- Testing NewTestCase -->
