<?xml version="1.0" encoding="UTF-8"?>
<!-- Generated by org.testng.reporters.JUnitXMLReporter -->
<testsuite ignored="0" hostname="DESKTOP-CN71QHB" failures="0" tests="3" name="Testing NewTestCase" time="191.306" errors="0" timestamp="2025-02-05T19:23:21 GMT">
  <testcase classname="Practiceframework.Project1.NewTestCase" name="Test1" time="21.267"/>
  <testcase classname="Practiceframework.Project1.NewTestCase" name="Test1" time="61.11"/>
  <testcase classname="Practiceframework.Project1.NewTestCase" name="Test2" time="46.433">
    <skipped/>
  </testcase> <!-- Test2 -->
</testsuite> <!-- Testing NewTestCase -->
