<?xml version="1.0" encoding="UTF-8"?>
<testng-results ignored="0" total="0" passed="0" failed="0" skipped="0">
  <reporter-output>
  </reporter-output>
  <suite started-at="2025-02-05T19:23:22 GMT" name="Suite" finished-at="2025-02-05T19:23:22 GMT" duration-ms="0">
    <groups>
      <group name="Testmultiple">
        <method signature="NewTestCase.Test1(java.util.HashMap)[pri:0, instance:Practiceframework.Project1.NewTestCase@72bc6553]" name="Test1" class="Practiceframework.Project1.NewTestCase"/>
        <method signature="NewTestCase.Test2()[pri:0, instance:Practiceframework.Project1.NewTestCase@72bc6553]" name="Test2" class="Practiceframework.Project1.NewTestCase"/>
      </group> <!-- Testmultiple -->
    </groups>
  </suite> <!-- Suite -->
</testng-results>
