<?xml version="1.0" encoding="UTF-8"?>
<testng-results ignored="0" total="1" passed="0" failed="1" skipped="0">
  <reporter-output>
  </reporter-output>
  <suite started-at="2025-02-08T18:26:35 GMT" name="Default suite" finished-at="2025-02-08T18:26:55 GMT" duration-ms="20263">
    <groups>
      <group name="cucumber">
        <method signature="AbstractTestNGCucumberTests.runScenario(io.cucumber.testng.PickleWrapper,io.cucumber.testng.FeatureWrapper)[pri:0, instance:Cucumber.TestNGtestrunner@24aed80c]" name="runScenario" class="io.cucumber.testng.AbstractTestNGCucumberTests"/>
      </group> <!-- cucumber -->
    </groups>
    <test started-at="2025-02-08T18:26:35 GMT" name="Default test" finished-at="2025-02-08T18:26:55 GMT" duration-ms="20263">
      <class name="Cucumber.TestNGtestrunner">
        <test-method is-config="true" signature="setUpClass(org.testng.ITestContext)[pri:0, instance:Cucumber.TestNGtestrunner@24aed80c]" started-at="2025-02-08T18:26:35 GMT" name="setUpClass" finished-at="2025-02-08T18:26:36 GMT" duration-ms="808" status="PASS">
          <params>
            <param index="0">
              <value>
                <![CDATA[org.testng.TestRunner@2dd2e270]]>
              </value>
            </param>
          </params>
          <reporter-output>
          </reporter-output>
        </test-method> <!-- setUpClass -->
        <test-method signature="runScenario(io.cucumber.testng.PickleWrapper,io.cucumber.testng.FeatureWrapper)[pri:0, instance:Cucumber.TestNGtestrunner@24aed80c]" started-at="2025-02-08T18:26:36 GMT" name="runScenario" description="Runs Cucumber Scenarios" data-provider="scenarios" finished-at="2025-02-08T18:26:55 GMT" duration-ms="19347" status="FAIL">
          <params>
            <param index="0">
              <value>
                <![CDATA["Positive test of submitting order"]]>
              </value>
            </param>
            <param index="1">
              <value>
                <![CDATA["Purchasee order from Ecommerce"]]>
              </value>
            </param>
          </params>
          <exception class="java.lang.NullPointerException">
            <message>
              <![CDATA[Cannot invoke "java.lang.Boolean.booleanValue()" because "this.match" is null]]>
            </message>
            <full-stacktrace>
              <![CDATA[java.lang.NullPointerException: Cannot invoke "java.lang.Boolean.booleanValue()" because "this.match" is null
at Practiceframework.Project1.CartPage.checkCart(CartPage.java:35)
at Project1.StepDefinitions.StepDefinitionsimpl.submit_the_Order(StepDefinitionsimpl.java:49)
at ✽.checkout IPHONE 13 PRO and India submit the order(file:///C:/Users/ITADMIN/eclipse-workspace1/Project1/src/test/java/Cucumber/NewTestCase.feature:13)
]]>
            </full-stacktrace>
          </exception> <!-- java.lang.NullPointerException -->
          <reporter-output>
          </reporter-output>
        </test-method> <!-- runScenario -->
        <test-method is-config="true" signature="tearDownClass()[pri:0, instance:Cucumber.TestNGtestrunner@24aed80c]" started-at="2025-02-08T18:26:55 GMT" name="tearDownClass" finished-at="2025-02-08T18:26:55 GMT" duration-ms="44" status="PASS">
          <reporter-output>
          </reporter-output>
        </test-method> <!-- tearDownClass -->
      </class> <!-- Cucumber.TestNGtestrunner -->
    </test> <!-- Default test -->
  </suite> <!-- Default suite -->
</testng-results>
