<?xml version="1.0" encoding="UTF-8"?>
<!-- Generated by org.testng.reporters.JUnitReportReporter -->
<testsuite hostname="DESKTOP-CN71QHB" failures="0" tests="1" name="Cucumber.TestNGtestrunner" time="19.347" errors="1" timestamp="2025-02-08T18:26:56 GMT" skipped="0">
  <testcase classname="Cucumber.TestNGtestrunner" name="runScenario" time="19.347">
    <error message="Cannot invoke &quot;java.lang.Boolean.booleanValue()&quot; because &quot;this.match&quot; is null" type="java.lang.NullPointerException">
      <![CDATA[java.lang.NullPointerException: Cannot invoke "java.lang.Boolean.booleanValue()" because "this.match" is null
at Practiceframework.Project1.CartPage.checkCart(CartPage.java:35)
at Project1.StepDefinitions.StepDefinitionsimpl.submit_the_Order(StepDefinitionsimpl.java:49)
at ✽.checkout IPHONE 13 PRO and India submit the order(file:///C:/Users/ITADMIN/eclipse-workspace1/Project1/src/test/java/Cucumber/NewTestCase.feature:13)
]]>
    </error>
  </testcase> <!-- runScenario -->
</testsuite> <!-- Cucumber.TestNGtestrunner -->
